root user login failed at 2016:05:09 00:40:37
root user login failed at 2016:05:09 00:40:37
alex user login successfully at 2016:05:09 00:40:37
 user login failed at 2016:05:09 01:01:46
 user login failed at 2016:05:09 01:01:46
 user login failed at 2016:05:09 01:01:46
 user login is locked at 2016:05:09 01:01:46
root user login failed at 2016:05:09 01:03:30
alex user login successfully at 2016:05:09 01:04:16
root user login failed at 2016:05:09 01:05:31
alex user login successfully at 2016:05:09 01:05:31
root user login failed at 2016:05:09 01:11:36
 user login failed at 2016:05:09 01:11:36
 user login failed at 2016:05:09 01:11:36
 user login is locked at 2016:05:09 01:11:36
root user login failed at 2016:05:09 01:14:07
alex user login successfully at 2016:05:09 01:14:07
root user login failed at 2016:05:09 15:25:57
alex user login failed at 2016:05:09 15:25:57
alex user login successfully at 2016:05:09 15:25:57
mads user login successfully at 2016:05:22 17:42:40
mds user login is locked at 2016:05:22 17:42:59
cl user login successfully at 2016:05:22 17:48:49
zff user login successfully at 2016:05:24 17:04:55
mads user login successfully at 2016:05:30 22:52:53
